<?xml version="1.0" encoding="UTF-8"?>
<!-- Generated by org.testng.reporters.JUnitReportReporter -->
<testsuite hostname="DESKTOP-1RI25CF" failures="0" tests="1" name="testCases.TC001_AccountRegistrationTest" time="9.980" errors="0" timestamp="2025-04-21T15:47:29 IST" skipped="0">
  <testcase classname="testCases.TC001_AccountRegistrationTest" name="verify_account_registration" time="9.980"/>
</testsuite> <!-- testCases.TC001_AccountRegistrationTest -->
