<?xml version="1.0" encoding="UTF-8"?>
<!-- Generated by org.testng.reporters.JUnitReportReporter -->
<testsuite hostname="DESKTOP-1RI25CF" failures="0" tests="1" name="testCases.TC002_LoginTest" time="4.541" errors="0" timestamp="2025-04-21T15:47:29 IST" skipped="0">
  <testcase classname="testCases.TC002_LoginTest" name="verify_Login" time="4.541"/>
</testsuite> <!-- testCases.TC002_LoginTest -->
