<?xml version="1.0" encoding="UTF-8"?>
<!-- Generated by org.testng.reporters.JUnitReportReporter -->
<testsuite hostname="DESKTOP-1RI25CF" failures="0" tests="1" name="testCases.TC001_AccountRegistrationTest" time="31.412" errors="0" timestamp="2025-04-21T16:38:23 IST" skipped="0">
  <testcase classname="testCases.TC001_AccountRegistrationTest" name="verify_account_registration" time="31.412"/>
</testsuite> <!-- testCases.TC001_AccountRegistrationTest -->
